n/199.jpg
n/198.bmp
n/197.jpg
n/196.jpg
n/195.jpg
n/194.jpg
n/193.jpg
n/192.jpg
n/191.jpg
n/190.jpg
n/188.jpg
n/187.jpg
n/186.jpg
n/185.jpg
n/184.jpg
n/183.jpg
n/182.jpeg
n/181.jpg
n/180.png
n/179.jpg
n/178.jpg
n/177.jpg
n/176.jpeg
n/175.jpg
n/174.jpg
n/173.jpg
n/172.jpg
n/171.jpg
n/170.jpg
n/169.jpg
n/168.jpg
n/167.jpg
n/166.jpg
n/165.jpg
n/164.jpeg
n/163.jpg
n/162.jpg
n/161.jpg
n/160.jpg
n/158.jpg
n/157.jpg
n/156.jpg
n/155.jpg
n/154.png
n/153.jpg
n/152.jpg
n/150.jpg
n/149.jpg
n/148.jpg
n/147.jpg
n/146.jpg
n/145.jpg
n/144.jpg
n/143.jpg
n/142.jpg
n/141.jpg
n/140.jpg
n/139.jpg
n/138.jpg
n/137.jpg
n/136.jpg
n/135.jpg
n/134.jpg
n/133.jpg
n/132.jpg
n/131.jpg
n/130.jpg
n/129.jpg
n/128.jpg
n/127.jpg
n/126.jpg
n/125.jpg
n/124.jpg
n/123.jpg
n/122.jpg
n/121.jpg
n/120.jpg
n/119.jpg
n/118.jpg
n/117.jpg
n/116.jpg
n/115.jpg
n/114.jpeg
n/113.jpg
n/112.jpg
n/111.jpg
n/110.jpg
n/109.jpg
n/108.jpg
n/107.jpg
n/106.jpg
n/105.jpg
n/104.jpg
n/103.jpg
n/102.jpg
n/101.jpg
n/100.jpg
n/099.jpg
n/098.jpg
n/097.jpg
n/096.jpg
n/095.jpg
n/094.jpg
n/093.jpg
n/092.jpg
n/091.jpg
n/090.jpg
n/089.jpg
n/088.jpg
n/087.jpg
n/086.jpg
n/085.png
n/083.jpg
n/082.jpg
n/081.jpg
n/080.JPG
n/079.jpg
n/078.jpg
n/077.jpg
n/076.jpg
n/075.jpg
n/074.jpg
n/073.jpg
n/072.jpeg
n/071.jpg
n/070.jpg
n/069.png
n/068.jpg
n/067.jpg
n/066.jpg
n/065.jpg
n/064.jpg
n/063.jpg
n/062.jpg
n/061.jpg
n/060.jpg
n/058.jpg
n/057.jpg
n/056.jpg
n/055.jpg
n/054.jpg
n/053.jpg
n/052.jpg
n/051.png
n/050.jpg
n/049.jpg
n/048.png
n/047.jpg
n/046.jpg
n/045.jpg
n/044.jpg
n/043.jpg
n/042.jpg
n/041.jpg
n/040.jpg
n/039.jpg
n/038.jpg
n/037.jpg
n/036.jpg
n/035.jpg
n/034.jpg
n/033.jpg
n/032.jpg
n/031.jpg
n/030.jpg
n/029.jpg
n/028.jpg
n/027.jpg
n/026.jpg
n/025.jpg
n/024.jpg
n/023.jpg
n/022.jpg
n/021.jpg
n/020.jpg
n/019.jpg
n/018.jpg
n/017.jpg
n/016.jpg
n/015.jpg
n/014.jpg
n/013.jpg
n/012.jpg
n/011.png
n/009.jpg
n/008.jpg
n/007.jpg
n/006.png
n/005.jpg
n/004.jpg
n/003.jpg
n/002.jpg
n/001.png
n/000.jpg