p/1605533633864.png 1 0 0 627 113
p/1605533633862.png 1 0 0 627 129
p/1605533633860.png 1 0 0 627 118
p/1605533633858.png 1 0 0 432 88
p/1605533633856.png 1 0 0 627 121
p/1605533633854.png 1 0 0 554 113
p/1605533633852.png 1 0 0 566 124
p/1605533633850.png 1 0 0 518 110
p/1605533633848.png 1 0 0 547 104
p/1605533633846.png 1 0 0 532 99
p/1605533633844.png 1 0 0 629 136
p/1605533633842.png 1 0 0 627 123
p/1605533633840.png 1 0 0 627 131
p/1605533633838.png 1 0 0 627 117
p/1605533633836.png 1 0 0 627 104
p/1605533633834.png 1 0 0 631 115
p/1605533633832.png 1 0 0 629 148
p/1605533633830.png 1 0 0 629 142
p/1605533633828.png 1 0 0 629 106
p/1605533633826.png 1 0 0 627 114
p/1605533633824.png 1 0 0 631 136
p/1605533633822.png 1 0 0 629 129
p/1605533633820.png 1 0 0 627 151
p/1605533633818.png 1 0 0 627 140
p/1605533633816.png 1 0 0 627 136
p/1605533633802.png 1 0 0 516 139
p/1605533633810.png 1 0 0 470 80
p/1605533633808.png 1 0 0 629 122
p/1605533633806.png 1 0 0 627 119
p/1605533633804.png 1 0 0 627 127
p/1605533633800.png 1 0 0 627 105
p/1605533633798.png 1 0 0 621 134
p/1605533633796.png 1 0 0 631 120
p/1605533633794.png 1 0 0 626 114
p/1605533633792.jpg 1 0 0 626 115