n/09a4fc3292371719e3502d5fdb11e049.jpg
n/Bao-So-9-Cay-Do-Rap-01.jpg
n/Trees1.jpg
n/cay-c-i-xanh-mat.jpg
n/cay-coi-xay-003.jpg
n/Y2F5XzI.jpg
n/f130f2a131a1fbdd25900c8d0d00a579.jpg
n/images788685_Cay_coi_xay.jpg
n/qua-cay-coi-xay.jpg
n/b30-1.png
n/172412_trees-yellow-tree-outside.ngsversion.1487017082252.adapt.1190.1.jpg
n/cay-ca-chua.jpg
n/uld7r84ggermany-forest625x30027september19-15697366502741189582682-crop-1569736731031573386533.jpg
n/785241_small_85701.jpg
n/08f09c7accce96846d812771296bcbeb.jpg
n/nang-nong-31.jpg
n/d0a78a34e2770b295266.jpg
n/ta-ngan-ve-cay-coi-001.jpg
n/02-Halong-Villa-exterior-view-2-1587715826.jpg
n/photo-5-15803547302181107230861.jpg
n/cay.jpg
n/15.jpg
n/extralarge-1575585476-cover-image-15758137890001141914482.jpg
n/7148235617_c58160643a_z.jpg
n/Huetanhoangsaubao_3.jpg
n/3c6e43fdb_cay_coi_chua_nang_luong.jpg
n/cay-noi-chuyen-641x366.jpg
n/3-1461578510068-0-50-587-848-crop-1461663996468.jpg
n/1606046235400.PNG
n/cc2b10a7defd23b757f8aa613f05e037.jpg
n/2452.jpg_wh860.jpg
n/giai-ma-giac-mo-nam-mo-thay-cay-coi-2020-03-02.jpg
n/cay-coi-xay-sapo.jpg
n/h-t-c-i-xay-1024x683.jpg
n/866-12-su-that-dang-kinh-ngac-chung-minh-thuc-vat-cay-coi-cung-giao-tiep-va-co-cam-giac-1.jpg
n/caycoixay-500x554.JPG
n/3455b0fc00000578-0-image-a-6-1463572815034-1463676233680.jpg
n/trai-dat-se-nhu-the-nao-neu-khong-co-cay-coi-thuc-vat.jpg
n/cef46bfebccfca3.jpg
n/1606046250245.jpg
n/cay-coi-xay04-1.jpg
n/thuyet-minh-ve-vai-tro-cua-cay-coi-trong-viec-bao-ve-moi-truong-42588.jpg
n/5d921cbc3fc6e0ce107704428b4af09c.jpg
n/tác-d-ng-ch-a-b-nh-c-a-cây-c-i-xay.jpg
n/7005.png_860.png
n/26074888a1bf3c04051164b6bb1d84c5.jpg
n/5c14926204f1f53a159fcfd3063ba075_s-1.jpg
n/cay-coi-xay-co-tac-dung-gi-1.jpg
n/000000031.jpg
n/1420561866_cay-coi-xay.jpg
n/151118cay01-9b98e.jpg
n/cay-tim-nguon-nuoc-2-300x201.jpg
n/ta-ngan-ve-cay-coi.jpg
n/photo-1-15803547264791841799641.jpg
n/tree.jpg
n/4663375_Cover_2048x1268_plant.jpg
n/282dcaa6f7c17bf67432e775cf733130.jpg
n/home_tree.png
n/phá-r-ng.jpg
n/cay-coi-nhuong-nhin-nhau-1x.jpg
n/2021.png_860-836x800.png
n/tu-vung-tieng-trung-chu-de-cay-coi-001.jpg
n/BF384982BD492EFF39646FAE292F01B2.jpg
n/Cây-c-i-xay-Công-d-ng-tr-b-nh-c-a-lo-i-cây-quen-thu-c.jpg
n/2-cai-cay.jpg
n/cây-c-i.jpg
n/cay-xanh.jpeg
n/cay-bo-de-co-linh-hon-khong.jpg
n/cay-coi-xay-002.jpg
n/maxresdefault-006.jpg
n/mo-thay-cay-coi.jpg
n/7c9aa0e85b2c4c639b35a79e65163192-15310675998752063786465.jpg
n/131812960887887709.jpg
n/cay-coi-xay01.jpg
n/tu-vung-tieng-trung-chu-de-cay-coi.jpg
n/cay-coi-xay-co-tac-dung-gi.jpg
n/mo-cay-coi-800x445-0843.jpg
n/cay-coi-xay-001.jpg
n/cay-coi-xay-2.jpg
n/cay-giong-coi-xay.jpg
n/lumut.jpg
n/caycoi1-300x188.jpg
n/mo-cay-coi.jpg
n/C-i-xay-600x536.jpg
n/coi-xay-14.jpg
n/065bf13d07a53060891076f0a72cc287.jpg
n/cay-coi-xay03.jpg
n/Thay-mot-cai-cay-trong-giac-mo-la-diem-gi.jpg
n/131812962091273823.jpg
n/cay-coi-biet-nhuong-nhin-giao-tiep-voi-nhau-1-590x333.jpg
n/mo-thay-cay-coi-1.jpg
n/a27d24_836ac58a2bc9482e8947c5f11c73b700~mv2.jpg
n/cay-coi-xay.jpg
n/cay-coi-xay02.jpg
n/thuyet-minh-vai-tro-cua-cay-coi-1.jpg
n/tu-vung-tieng-anh-chu-de-cay-coi-1.jpg
n/mam-xanh-0843.jpg
n/0227159caycoisay1-jpeg.jpg
n/photo-1-1538098199735610325350.jpg
n/2019-02-18-09-43-17.jpg
n/2019-04-10-12-43-35.jpg
n/phat-hien-buc-tuong-han-quoc-than-thanh-giua-long-ha-noi-89921049_1528620657307348_8472930294058450944_n-1591087246-201-width960height764.jpg
n/45A128DE-DA2D-4810-B03B-88251A374B80_w408_r1_s.jpg
n/trang-tri-tuong-voi-cay-la-nhan-tao-don-gian-ma-doc-dao-tai-sao-khong-1574830861.jpg
n/Tran_Lap_MTV_EXIT_concert_Ha_Noi_2012_01.jpg
n/vov_buc_tuong_xay_sai_phep_WOYS.jpg
n/images633682_ttxvn_buc_tuong_bien_gioi.jpg
n/99-What-is-Hadrian-Wall.jpeg
n/26963.jpg
n/trang-5gfh-16018903126392024275106.jpg
n/nha-trang-de-xuat-2-ty-usd-de-tiep-tuc-xay-tuong-bien-gioi.jpg
n/img_5256.jpg
n/46965571.jpg
n/photo1543972659735-1543972659931-crop-15439727174101716419605.jpg
n/old-wall-stone-wall-brick-material-walls-brickwork-middle-ages-old-buildings-and-structures-amersfoort-802823.jpg
n/2019-03-22-08-54-30.jpg
n/21f925aeaaf56167d500865bbf99a58f.jpg
n/photo1523417507929-15234175079291905134894.png
n/ec5dfafb-d5db-4cbe-9d92-a2613f37c606_tv_w1200_r1.jpg
n/chuoi-du-an-rock-cung-ban-nhac-buc-tuong.jpg
n/1606046247166.jpg
n/cau-chuyen-ve-buc-tuong-i-love-you-lang-man-o-paris-23aca.jpg
n/thumb_660_8865edaa-caea-4cab-b5a3-0eb7f1843684.jpg
n/border-wall-1721.jpg
n/don-tim-buc-tuong-sieu-pham-dam-chat-han-quoc-chi-can-dung-co-ngay-anh-dep-tua-bia-tap-chi-11_20190127093820.jpg
n/23622066_500035123688062_4417117065367192744_n-600x450.jpg
n/4766.jpg_wh860.jpg
n/buc-tuong-band-2011.jpg
n/trump-khoe-buc-tuong-bien-gioi-khong-the-vuot-qua-1568882375.jpg
n/pngtree-wall-black-glitter-mottled-turtle-crack-wall-background-material-crackturtle-crack-image_83987.jpg
n/961f-db6f-4b9b-a2d1-ab3a7e13618b.jpg
n/trump-khoe-tuong-bien-gioi-1133-1568871902_pcav.jpg
n/tuong-co-nhan-tao.jpg
n/218303607756821-imagea-601575494579043-1575536142429.jpeg
n/IMG_0292-700x480.jpg
n/nhung-buc-ttuong-luon-song-quyen-ru-o-nuoc-anh-1_20200607090600.jpg
n/Ban-nh-c-B-c-Tu-ng-g-m-nh-ng-ai-và-l-ch-s-ban-nh-c-B-c-Tu-ng-e1458199285700.jpg
n/2_hxat.jpg
n/1564980976-post.jpeg
n/tuong-keo-cao-su2.jpg
n/maxresdefault-005.jpg
n/1.jpg
n/9-buc-tuong_gips.jpg
n/5949_7.jpg
n/224323_Ynh_bai_phY_trang_9.jpg
n/8e1e6fa4b21a204304abf58321510ae6.jpg
n/00.jpg
n/photo-1-15727505565991464964924.jpg
n/view-song-ao-da-lat-11.jpg
n/nhom-buc-tuong-luon-mang-theo-micro-cua-tran-lap-len-sau-khau-moi-show-dien-6-15759003322511634033075.jpg
n/van-con-nhung-khac-biet-sau-30-nam-thong-nhat-nuoc-duc.jpg
n/Se-cuong-che-buc-tuong-khong-lo-xay-trai-phep-nh-2-t-ng-kh-ng-l-1562033104-width699height525.jpg
n/ttxvn_bien_gioi_my_mexico.jpg
n/23621498_500035013688073_222511717712419933_n.jpg
n/f3b0e796e64a0087a3eec52269ffad77_1411834886.jpg
n/tin2.jpg
n/buc-tuong-ra-bai-hat-moi-ky-niem-3-nam-ngay-mat-tran-lap.jpg
n/texture-wall-pattern-stone-wall-brick-material-cool-image-cool-photo-brickwork-bricklayer-1410078.jpg
n/1-2-1600910749.jpg
n/red-brick-wall-3687281_960_720.jpg
n/shutterstock_1042481041-1920x800-1.jpg
n/1560657434-post.jpeg
n/^F5DA95A63D475E384053B65D0F74FF75B42CFD517A5D4FB1E5^pimgpsh_fullsize_distr.jpg
n/photo1521805252661-15218052526611449561463.jpg
n/buctuongavt1_sbcp.jpg
n/img20180529100718439.jpg
n/texture-floor-wall-stone-wall-brick-material-mortar-brickwork-masonry-flooring-99030.jpg
n/Tra-n-Tua-n-Hu-ng-8875-1552807146.jpg
n/bvh1591110970.jpg
n/3779.jpg_wh860.jpg
n/img_20170318171420.jpg
n/4-424bb.jpg
n/^4A9DC5F2C0D0715BE88F87A84230A57C20B69AE7743E60FFF5^pimgpsh_fullsize_distr.jpg
n/buctuong_SBIN.jpg
n/giaoducsom.jpg
n/wall-stone-wall-brick-material-brickwork-1123902.jpg
n/pngtree-white-surface-wall-pattern-png-image_718016.jpg
n/a.jpg
n/2052.jpg_wh860.jpg
n/mo-thay-buc-tuong.jpg
n/1392871096172.jpg
n/buc-tuong-ra-bai-hat-moi-ky-niem-3-nam-ngay-mat-tran-lap-1.jpg
n/brick-walls-material-walls-1369857.jpg
n/wall-3039071_960_720.jpg
n/1516769825897_600.jpg
n/PMP-01(9).jpg
n/2038.jpg_wh860.jpg
n/buc-tuong-22fee3.jpg
n/maxresdefault-004.jpg
n/20259061.jpg
n/3794.jpg_860.jpg
n/curved-wall-1313263_960_720.jpg
n/nam-mo-thay-buc-tuong-wap102.jpg
n/1-9022-1594116275-1594316313-1-6167-9038-1594317664.jpg
n/Nha-Dep1.jpg
n/feature-279A0964-1570671145.jpg
n/22790nha-co-toan-canh-ngoi-nha-ong-Hoan.jpg
n/check-in-ngoi-nha-bac-au3.jpg
n/ta-ngoi-nha-cua-em.jpg
n/ngoi_nha_o_mien_que_giup_gia_chu_tranh_xa_khoi_on_ao_khoi_bui_10105610082020.jpg
n/124d5131325t732l6-a1.jpg
n/FXG57_1.jpg
n/Nhung-yeu-to-hinh-thanh-nen-mot-ngoi-nha-dep-toan-dien-3.jpg
n/feature-75A3030-edited-1-1568782185.jpg
n/photo-1-1573542063319121633944.jpg
n/vnexpress-nhaco6phongnguduaran-8313-2576-1601869965.jpg
n/photo1599553189727-15995531899341001316467.jpg
n/ngoi-nha-mong-nhu-luoi-dao-gay-sot-buoc-vao-trong-nha-con-choang-hon-2-1551672394-83-width600height800.jpg
n/ta-ngoi-nha-la-o-nong-thon-1.jpg
n/t12.jpg
n/ky-la-ngoi-nha-nam-chenh-venh-tren-cau-thangdocx-1599524472228.jpeg
n/1542796641-222-nhung-can-nha-1-1542713467-width650height786.jpg
n/maxresdefault-003.jpg
n/17B09003-tckt-06.jpg
n/page-15754246992051769131447-crop-15754247022141944905136-15755325468882011016714-crop-15755325522852025600512.jpg
n/dau-xuan-va-nhung-ngoi-nha-mo-uoc.jpg
n/5244_78712401_3284570898250701_8468074524292677632_o.jpg
n/photo1551841063513-1551841065708-crop-15518410743092124081864.jpg
n/kienviet-TRUNG-VILLA-NGÔI-NHÀ-3-TH-H-EVITArchitecture-a1.jpg
n/images1614753_1.jpg
n/3959178a6392676c1366df11c1d9f472_tn.jpg
n/dong-thap.jpg
n/DJ5NUary.jpg
n/20200514132336-15897339357251197454212.jpg
n/Ngoi_nha_mo_uoc_nam_2025.jpg
n/279A2192.jpg
n/photo1564977662268-1564977662511-crop-15649776717861019479328.jpg
n/10-ngoi-nha-thiet-ke-ben-vung-1440x810.jpg
n/C-a-nhôm-xingfa-l-a-ch-n-thông-minh-cho-ngôi-nhà-b-n-6-1.jpg
n/ngoi_nha_truyen_thong_hien_da_sakd.jpg
n/khong-tin-noi-7-ngoi-nha-lon-nguoc-nay-co-that-1.jpg
n/mieu-ta-ngoi-nha-mo-uoc-bang-tieng-anh-ve-nha-o-nong-thon.jpg
n/894913_16041314360041488804.jpg
n/nhacotayninh-23-1551173908.jpg
n/ngoi-nha-tung-cho-khong-ai-muon-lay-gia-tang-khung-sau-3-namdocx-1604053693734.jpeg
n/5604_2.jpg
n/cac-tin-do-nghien-mau-hong-khong-the-khong-den-15-noi-nay-1020-9-1505458751-width660height440.jpg
n/ngoi-nha-trong-co.jpg
n/picture-8251-1564129398.jpg
n/1-1585391324.jpg
n/bai-van-mau-lop-5-ta-ngoi-nha-em-dang-o.jpg
n/mau-nha-dep-1_qjnf.jpg
n/maxresdefault-002.jpg
n/doc-dao-nha-mai-chong-mai-1_dcsa.jpg
n/1606046235416.jpg
n/vna_potal_dong_thap_doc_dao_ngoi_nha_khong_bao_gio_ngap_cua_chang_trai_mien_tay_160715878_stand-1.jpg
n/anh-bia-mieu-ta-ngoi-nha-mo-uoc-bang-tieng-anh.jpg
n/ba-me-2-con-cai-tao-can-nha-hoang-thanh-ngoi-nha-co-tich-giua-tp-hue-600x400.jpg
n/ta-ngoi-nha.jpg
n/8407858b07f5bdcd10958d7e23db68bd.jpg
n/T-ng-h-p-các-b-c-tranh-tô-màu-ngôi-nhà-d-p-nh-t-2.jpg
n/nha-1588168229497994884360-crop-15881682463251644970774.jpg
n/db54058a-bai-viet-gioi-thieu-ve-ngoi-nha-bang-tieng-anh-than-thuoc.jpg
n/mau-nha-dep-2-tang-chu-l-mai-thai-bt1806-540x360.jpg
n/mau-nha-cap-4-2-1619-phunutoday.jpg
n/nha-cap-4-dep-1_636644781814719347.jpg
n/8f692218d4e2ec3ee907aecb0e89ba1e-1581665569264300145485.jpg
n/NGO^I-NHA`-18M2-THIE^´T-KE^´-A^´N-TU-O-NG.jpg
n/tranh-to-mau-ngoi-nha-30.jpg
n/nobitahouseon2015movie-1467131929535.PNG
n/1597004111_Tranh-to-mau-ngoi-nha-cua-be-that-dep-va.jpg
n/bi-t-th-kiên-giang-02_result.jpg
n/1606046258464.jpg
n/084806baoxaydung_image003.jpg
n/y-nghia-cua-nhung-ngoi-nha-hai-tang-dep-2234.jpg
n/ngoi-nha-001.jpg
n/ta-ngoi-nha-nhung-bai-van-ta-can-nha-cua-em-hay-nhat.jpg
n/tranh-to-mau-ngoi-nha.jpg
n/photo-1-15990996618121664241495.jpg
n/dnp-ngoi-nha-an-duoi-ngon-doi-xanh-nhan-tao-1.jpg
n/ngoi-nha.jpg
n/hinh-anh-mau-nha-2-tang-nong-thon-dep-5.jpg
n/maxresdefault-001.jpg
n/dbcf45601d644d0049c92a3df61dbe07.jpg
n/a10-1497527580305.png
n/1606046247182.jpg
n/1606046261807.jpg
n/ve-ngoi-nha-1506763891563-crop-1506763936160.jpg
n/hinh-anh-106-nhung-yeu-to-hinh-thanh-nen-mot-ngoi-nha-dep-toan-dien-1.png
n/3436.png_860.png
n/mai-nha.png
n/maxresdefault.jpg
n/house1.png
n/1606046243572.jpg
n/hinh-ngoi-nha.jpg
n/ba-me-2-con-cai-tao-can-nha-hoang-thanh-ngoi-nha-co-tich-giua-tp-hue-11.jpg
n/hinh-ngoi-nha-dep-cty-an-gia-lam.jpg
n/084806baoxaydung_image001.jpg
n/2.jpg
n/de-ngoi-nha-dep-31.jpg
n/unnamed.jpg