p/149.jpg 1 0 0 576 960
p/148.jpg 1 0 0 997 997
p/147.jpg 1 0 0 1280 1280
p/146.jpg 1 0 0 1280 720
p/143.jpg 1 0 0 800 800
p/137.jpg 1 0 0 1024 768
p/134.jpg 1 0 0 497 512
p/132.jpg 1 0 0 600 600
p/131.jpg 1 0 0 380 380
p/128.png 1 0 0 480 250
p/125.jpg 1 0 0 1146 1200
p/124.jpg 1 0 0 500 274
p/120.jpg 1 0 0 1558 1558
p/118.jpg 1 0 0 640 640
p/117.jpg 1 0 0 568 623
p/116.PNG 1 0 0 486 476
p/115.jpg 1 0 0 1280 1280
p/110.jpg 1 0 0 600 600
p/107.jpg 1 0 0 1024 1024
p/105.jpg 1 0 0 400 400
p/104.jpg 1 0 0 500 500
p/103.jpg 1 0 0 500 500
p/100.jpg 1 0 0 700 528
p/099.jpg 1 0 0 400 400
p/098.jpg 1 0 0 600 600
p/095.jpg 1 0 0 600 600
p/091.jpg 1 0 0 600 600
p/088.jpg 1 0 0 800 800
p/084.jpg 1 0 0 600 600
p/081.jpg 1 0 0 720 960
p/080.jpg 1 0 0 1540 1540
p/076.png 1 0 0 480 223
p/071.jpg 1 0 0 720 720
p/069.jpg 1 0 0 690 690
p/060.jpg 1 0 0 774 774
p/054.jpg 1 0 0 1400 1400
p/052.jpg 1 0 0 1200 675
p/051.jpg 1 0 0 1400 1400
p/049.jpg 1 0 0 1024 1024
p/044.jpg 1 0 0 1400 1400
p/043.jpg 1 0 0 2560 2560
p/042.jpg 1 0 0 1024 1024
p/041.jpg 1 0 0 800 800
p/040.jpg 1 0 0 505 400
p/039.jpg 1 0 0 946 946
p/034.jpg 1 0 0 346 474
p/033.jpg 1 0 0 1006 1280
p/029.jpg 1 0 0 372 372
p/022.jpg 1 0 0 400 400
p/020.jpg 1 0 0 1564 1564
p/019.jpg 1 0 0 720 720
p/018.jpg 1 0 0 2440 2560
p/016.jpg 1 0 0 960 960
p/014.jpg 1 0 0 1400 1400
p/013.jpg 1 0 0 600 600
p/010.jpg 1 0 0 600 600
p/097.jpg 1 0 0 1748 2088
p/096.jpg 1 0 0 1146 1200
p/094.jpg 1 0 0 640 640
p/093.jpg 1 0 0 700 575
p/092.jpg 1 0 0 2560 2560
p/090.jpg 1 0 0 505 400
p/089.jpg 1 0 0 645 665
p/087.jpg 1 0 0 1024 1024
p/085.jpg 1 0 0 1558 1558
p/079.jpg 1 0 0 640 640
p/077.jpg 1 0 0 1024 768
p/075.jpg 1 0 0 850 475
p/074.jpg 1 0 0 550 491
p/073.jpg 1 0 0 1280 1280
p/067.jpg 1 0 0 690 822
p/064.jpg 1 0 0 1000 1000
p/061.jpg 1 0 0 300 300
p/059.jpg 1 0 0 761 761
p/058.jpg 1 0 0 600 600
p/057.jpg 1 0 0 800 800
p/055.jpg 1 0 0 640 640
p/047.jpg 1 0 0 900 900
p/038.jpg 1 0 0 346 474
p/037.png 1 0 0 539 521
p/036.jpg 1 0 0 500 274
p/035.jpg 1 0 0 1024 1024
p/032.jpg 1 0 0 600 600
p/031.jpg 1 0 0 300 360
p/030.jpg 1 0 0 1024 1024
p/028.jpg 1 0 0 600 600
p/027.jpg 1 0 0 640 640
p/025.jpg 1 0 0 1280 720
p/024.jpg 1 0 0 250 250
p/023.jpg 1 0 0 1024 1024
p/021.jpg 1 0 0 700 700
p/017.jpg 1 0 0 305 418
p/015.jpg 1 0 0 800 800
p/012.jpg 1 0 0 1006 1280
p/011.jpg 1 0 0 1400 1400
p/009.jpg 1 0 0 600 600
p/008.jpg 1 0 0 2560 2560
p/007.jpg 1 0 0 640 640
p/006.jpg 1 0 0 2440 2560
p/005.jpg 1 0 0 1564 1564
p/004.jpg 1 0 0 600 600
p/003.jpg 1 0 0 720 720
p/002.jpg 1 0 0 1400 1400
p/001.jpg 1 0 0 714 714
p/000.jpg 1 0 0 1400 1400
p/1605533634274.png 1 0 0 640 480
p/1605533634276.png 1 0 0 640 480
p/1605533634278.png 1 0 0 640 480
p/1605533634280.png 1 0 0 640 480
p/1605533634268.png 1 0 0 640 480
p/1605533634270.png 1 0 0 640 480
p/1605533634272.png 1 0 0 640 480
p/1605533634264.png 1 0 0 640 480
p/1605533634266.png 1 0 0 640 480
p/1605533634262.png 1 0 0 640 480
p/1605533634260.png 1 0 0 640 480
p/1605533634258.png 1 0 0 640 480
p/1605533634252.png 1 0 0 640 480
p/1605533634254.png 1 0 0 640 480
p/1605533634256.png 1 0 0 640 480
p/1605533634246.png 1 0 0 640 480
p/1605533634248.png 1 0 0 640 480
p/1605533634250.png 1 0 0 640 480
p/1605533634238.png 1 0 0 640 480
p/1605533634240.png 1 0 0 640 480
p/1605533634242.png 1 0 0 640 480
p/1605533634244.png 1 0 0 640 480
p/1605533634234.png 1 0 0 640 480
p/1605533634236.png 1 0 0 640 480
p/1605533634228.png 1 0 0 640 480
p/1605533634230.png 1 0 0 640 480
p/1605533634232.png 1 0 0 640 480
p/1605533634224.png 1 0 0 640 480
p/1605533634226.png 1 0 0 640 480
p/1605533634218.png 1 0 0 640 480
p/1605533634220.png 1 0 0 640 480
p/1605533634222.png 1 0 0 640 480
p/1605533634212.png 1 0 0 640 480
p/1605533634214.png 1 0 0 640 480
p/1605533634216.png 1 0 0 640 480
p/1605533634208.png 1 0 0 640 480
p/1605533634210.png 1 0 0 640 480
p/1605533634198.png 1 0 0 640 480
p/1605533634200.png 1 0 0 640 480
p/1605533634201.png 1 0 0 640 480
p/1605533634202.png 1 0 0 640 480
p/1605533634204.png 1 0 0 640 480
p/1605533634206.png 1 0 0 640 480
p/1605533634197.png 1 0 0 640 480
p/1605533634194.png 1 0 0 640 480
p/1605533634195.png 1 0 0 640 480
p/1605533634196.png 1 0 0 640 480
p/1605533634190.png 1 0 0 640 480
p/1605533634191.png 1 0 0 640 480
p/1605533634192.png 1 0 0 640 480
p/1605533634188.png 1 0 0 640 480
p/1605533634189.png 1 0 0 640 480
p/1605533634185.png 1 0 0 640 480
p/1605533634187.png 1 0 0 640 480
p/1605533634183.png 1 0 0 640 480
p/1605533634184.png 1 0 0 640 480
p/1605533634180.png 1 0 0 640 480
p/1605533634181.png 1 0 0 640 480
p/1605533634182.png 1 0 0 640 480
p/1605533634178.png 1 0 0 640 480
p/1605533634179.png 1 0 0 640 480
p/1605533634175.png 1 0 0 640 480
p/1605533634176.png 1 0 0 640 480
p/1605533634177.png 1 0 0 640 480
p/1605533634172.png 1 0 0 640 480
p/1605533634173.png 1 0 0 640 480
p/1605533634170.png 1 0 0 640 480
p/1605533634171.png 1 0 0 640 480
p/1605533634167.png 1 0 0 640 480
p/1605533634168.png 1 0 0 640 480
p/1605533634169.png 1 0 0 640 480
p/1605533634165.png 1 0 0 640 480
p/1605533634166.png 1 0 0 640 480
p/1605533634163.png 1 0 0 640 480
p/1605533634164.png 1 0 0 640 480
p/1605533634160.png 1 0 0 640 480
p/1605533634161.png 1 0 0 640 480
p/1605533634157.png 1 0 0 640 480
p/1605533634158.png 1 0 0 640 480
p/1605533634159.png 1 0 0 640 480
p/1605533634156.png 1 0 0 640 480
p/1605533634153.png 1 0 0 640 480
p/1605533634154.png 1 0 0 640 480
p/1605533634155.png 1 0 0 640 480
p/1605533634149.png 1 0 0 640 480
p/1605533634151.png 1 0 0 640 480
p/1605533634152.png 1 0 0 640 480
p/1605533634141.png 1 0 0 640 480
p/1605533634143.png 1 0 0 640 480
p/1605533634145.png 1 0 0 640 480
p/1605533634147.png 1 0 0 640 480
p/1605533634148.png 1 0 0 640 480
p/1605533634139.png 1 0 0 640 480
p/1605533634131.png 1 0 0 640 480
p/1605533634133.png 1 0 0 640 480
p/1605533634135.png 1 0 0 640 480
p/1605533634137.png 1 0 0 640 480
p/1605533634127.png 1 0 0 640 480
p/1605533634129.png 1 0 0 640 480
p/1605533634123.png 1 0 0 640 480
p/1605533634125.png 1 0 0 640 480
p/1605533634117.png 1 0 0 640 480
p/1605533634119.png 1 0 0 640 480
p/1605533634121.png 1 0 0 640 480
p/1605533634109.png 1 0 0 640 480
p/1605533634111.png 1 0 0 640 480
p/1605533634113.png 1 0 0 640 480
p/1605533634115.png 1 0 0 640 480
p/1605533634103.png 1 0 0 640 480
p/1605533634105.png 1 0 0 640 480
p/1605533634107.png 1 0 0 640 480
p/1605533634099.png 1 0 0 640 480
p/1605533634101.png 1 0 0 640 480
p/1605533634093.png 1 0 0 640 480
p/1605533634095.png 1 0 0 640 480
p/1605533634097.png 1 0 0 640 480
p/1605533634085.png 1 0 0 640 480
p/1605533634087.png 1 0 0 640 480
p/1605533634089.png 1 0 0 640 480
p/1605533634091.png 1 0 0 640 480
p/1605533634081.png 1 0 0 640 480
p/1605533634083.png 1 0 0 640 480
p/1605533634075.png 1 0 0 640 480
p/1605533634077.png 1 0 0 640 480
p/1605533634079.png 1 0 0 640 480
p/1605533634071.png 1 0 0 640 480
p/1605533634073.png 1 0 0 640 480
p/1605533634065.png 1 0 0 640 480
p/1605533634067.png 1 0 0 640 480
p/1605533634069.png 1 0 0 640 480
p/1605533634061.png 1 0 0 640 480
p/1605533634063.png 1 0 0 640 480
p/1605533634053.png 1 0 0 640 480
p/1605533634055.png 1 0 0 640 480
p/1605533634057.png 1 0 0 640 480
p/1605533634059.png 1 0 0 640 480
p/1605533634047.png 1 0 0 640 480
p/1605533634049.png 1 0 0 640 480
p/1605533634051.png 1 0 0 640 480
p/1605533634041.png 1 0 0 640 480
p/1605533634043.png 1 0 0 640 480
p/1605533634045.png 1 0 0 640 480
p/1605533634039.png 1 0 0 640 480
p/1605533634029.png 1 0 0 640 480
p/1605533634031.png 1 0 0 640 480
p/1605533634033.png 1 0 0 640 480
p/1605533634035.png 1 0 0 640 480
p/1605533634037.png 1 0 0 640 480
p/1605533634027.png 1 0 0 640 480
p/1605533634023.png 1 0 0 640 480
p/1605533634025.png 1 0 0 640 480
p/1605533634019.png 1 0 0 640 480
p/1605533634021.png 1 0 0 640 480
p/1605533634015.png 1 0 0 640 480
p/1605533634017.png 1 0 0 640 480
p/1605533634007.png 1 0 0 640 480
p/1605533634009.png 1 0 0 640 480
p/1605533634011.png 1 0 0 640 480
p/1605533634013.png 1 0 0 640 480
p/1605533634003.png 1 0 0 640 480
p/1605533634005.png 1 0 0 640 480
p/1605533633997.png 1 0 0 640 480
p/1605533633999.png 1 0 0 640 480
p/1605533634001.png 1 0 0 640 480
p/1605533633993.png 1 0 0 640 480
p/1605533633995.png 1 0 0 640 480
p/1605533633989.png 1 0 0 640 480
p/1605533633991.png 1 0 0 640 480
p/1605533633983.png 1 0 0 640 480
p/1605533633985.png 1 0 0 640 480
p/1605533633987.png 1 0 0 640 480
p/1605533633979.png 1 0 0 640 480
p/1605533633980.png 1 0 0 640 480
p/1605533633981.png 1 0 0 640 480
p/1605533633977.png 1 0 0 640 480
p/1605533633978.png 1 0 0 640 480
p/1605533633975.png 1 0 0 640 480
p/1605533633976.jpg 1 0 0 640 480
p/1605533633973.png 1 0 0 640 480
p/1605533633974.png 1 0 0 640 480
p/1605533633970.png 1 0 0 640 480
p/1605533633971.png 1 0 0 640 480
p/1605533633972.png 1 0 0 640 480
p/1605533633966.png 1 0 0 640 480
p/1605533633967.png 1 0 0 640 480
p/1605533633968.png 1 0 0 640 480
p/1605533633963.png 1 0 0 640 480
p/1605533633964.png 1 0 0 640 480
p/1605533633965.png 1 0 0 640 480
p/1605533633958.png 1 0 0 640 480
p/1605533633960.png 1 0 0 640 480
p/1605533633961.png 1 0 0 640 480
p/1605533633962.png 1 0 0 640 480
p/1605533633957.png 1 0 0 640 480
p/1605533633955.png 1 0 0 640 480
p/1605533633956.png 1 0 0 640 480
p/1605533633953.png 1 0 0 640 480
p/1605533633954.png 1 0 0 640 480
p/1605533633952.png 1 0 0 640 480
p/1605533633950.png 1 0 0 640 480
p/1605533633951.png 1 0 0 640 480
p/1605533633948.png 1 0 0 640 480
p/1605533633949.png 1 0 0 640 480
p/1605533633944.png 1 0 0 640 480
p/1605533633945.png 1 0 0 640 480
p/1605533633946.png 1 0 0 640 480
p/1605533633947.png 1 0 0 640 480
p/1605533633939.png 1 0 0 640 480
p/1605533633940.png 1 0 0 640 480
p/1605533633941.png 1 0 0 640 480
p/1605533633942.png 1 0 0 640 480
p/1605533633938.png 1 0 0 640 480
p/1605533633937.png 1 0 0 640 480
p/1605533633935.png 1 0 0 640 480
p/1605533633936.png 1 0 0 640 480
p/1605533633934.png 1 0 0 640 480
p/1605533633933.png 1 0 0 640 480
p/1605533633932.png 1 0 0 640 480
p/1605533633930.png 1 0 0 640 480
p/1605533633928.png 1 0 0 640 480
p/1605533633926.png 1 0 0 640 480
p/1605533633924.png 1 0 0 640 480
p/1605533633922.png 1 0 0 640 480
p/1605533633920.png 1 0 0 640 480
p/1605533633918.png 1 0 0 640 480
p/1605533633916.png 1 0 0 640 480
p/1605533633914.png 1 0 0 640 480
p/1605533633912.png 1 0 0 640 480
p/1605533633910.png 1 0 0 640 480
p/1605533633908.png 1 0 0 640 480
p/1605533633906.png 1 0 0 640 480
p/1605533633904.png 1 0 0 640 480
p/1605533633902.png 1 0 0 640 480
p/1605533633900.png 1 0 0 640 480
p/1605533633898.png 1 0 0 640 480
p/1605533633896.png 1 0 0 640 480
p/1605533633894.png 1 0 0 640 480
p/1605533633892.png 1 0 0 640 480
p/1605533633890.png 1 0 0 640 480
p/1605533633888.png 1 0 0 640 480
p/1605533633886.png 1 0 0 640 480
p/1605533633884.png 1 0 0 640 480
p/1605533633883.png 1 0 0 640 480
p/1605533633882.png 1 0 0 640 480
p/1605533633880.png 1 0 0 640 480
p/1605533633876.png 1 0 0 640 480
p/1605533633878.png 1 0 0 640 480
p/1605533633872.png 1 0 0 640 480
p/1605533633874.png 1 0 0 640 480
p/1605533633868.png 1 0 0 640 480
p/1605533633870.png 1 0 0 640 480
p/1605533633864.png 1 0 0 640 480
p/1605533633866.png 1 0 0 640 480
p/1605533633862.png 1 0 0 640 480
p/1605533633860.png 1 0 0 640 480
p/1605533633858.png 1 0 0 640 480
p/1605533633856.png 1 0 0 640 480
p/1605533633852.png 1 0 0 640 480
p/1605533633854.png 1 0 0 640 480
p/1605533633848.png 1 0 0 640 480
p/1605533633850.png 1 0 0 640 480
p/1605533633844.png 1 0 0 640 480
p/1605533633846.png 1 0 0 640 480
p/1605533633840.png 1 0 0 640 480
p/1605533633842.png 1 0 0 640 480
p/1605533633838.png 1 0 0 640 480
p/1605533633834.png 1 0 0 640 480
p/1605533633836.png 1 0 0 640 480
p/1605533633830.png 1 0 0 640 480
p/1605533633832.png 1 0 0 640 480
p/1605533633826.png 1 0 0 640 480
p/1605533633828.png 1 0 0 640 480
p/1605533633824.png 1 0 0 640 480
p/1605533633822.png 1 0 0 640 480
p/1605533633820.png 1 0 0 640 480
p/1605533633818.png 1 0 0 640 480
p/1605533633816.png 1 0 0 640 480
p/1605533633812.png 1 0 0 640 480
p/1605533633814.png 1 0 0 640 480
p/1605533633806.png 1 0 0 640 480
p/1605533633808.png 1 0 0 640 480
p/1605533633810.png 1 0 0 640 480
p/1605533633802.png 1 0 0 640 480
p/1605533633804.png 1 0 0 640 480
p/1605533633800.png 1 0 0 640 480
p/1605533633798.png 1 0 0 640 480
p/1605533633796.png 1 0 0 640 480
p/1605533633794.png 1 0 0 640 480
p/1605533633792.jpg 1 0 0 640 480